0 info it worked if it ends with ok
1 verbose cli [ '/usr/bin/nodejs', '/usr/bin/npm', 'run', 'test' ]
2 info using npm@3.8.3
3 info using node@v4.4.1
4 verbose run-script [ 'pretest', 'test', 'posttest' ]
5 info lifecycle sge@1.0.0~pretest: sge@1.0.0
6 silly lifecycle sge@1.0.0~pretest: no script for pretest, continuing
7 info lifecycle sge@1.0.0~test: sge@1.0.0
8 verbose lifecycle sge@1.0.0~test: unsafe-perm in lifecycle true
9 verbose lifecycle sge@1.0.0~test: PATH: /usr/lib/node_modules/npm/bin/node-gyp-bin:/home/eric/development/in_house_projects/SwaggerGraphicalTool/node_modules/.bin:/usr/bin:/usr/local/sbin:/usr/local/bin:/usr/sbin:/usr/bin:/sbin:/bin:/usr/games:/usr/local/games
10 verbose lifecycle sge@1.0.0~test: CWD: /home/eric/development/in_house_projects/SwaggerGraphicalTool
11 silly lifecycle sge@1.0.0~test: Args: [ '-c',
11 silly lifecycle   'find ./src -name \'*spec.js\' | xargs mocha -R spec --compilers js:babel-core/register' ]
12 silly lifecycle sge@1.0.0~test: Returned: code: 123  signal: null
13 info lifecycle sge@1.0.0~test: Failed to exec test script
14 verbose stack Error: sge@1.0.0 test: `find ./src -name '*spec.js' | xargs mocha -R spec --compilers js:babel-core/register`
14 verbose stack Exit status 123
14 verbose stack     at EventEmitter.<anonymous> (/usr/lib/node_modules/npm/lib/utils/lifecycle.js:239:16)
14 verbose stack     at emitTwo (events.js:87:13)
14 verbose stack     at EventEmitter.emit (events.js:172:7)
14 verbose stack     at ChildProcess.<anonymous> (/usr/lib/node_modules/npm/lib/utils/spawn.js:24:14)
14 verbose stack     at emitTwo (events.js:87:13)
14 verbose stack     at ChildProcess.emit (events.js:172:7)
14 verbose stack     at maybeClose (internal/child_process.js:827:16)
14 verbose stack     at Process.ChildProcess._handle.onexit (internal/child_process.js:211:5)
15 verbose pkgid sge@1.0.0
16 verbose cwd /home/eric/development/in_house_projects/SwaggerGraphicalTool/src/app/common/Objects/path
17 error Linux 4.2.0-34-generic
18 error argv "/usr/bin/nodejs" "/usr/bin/npm" "run" "test"
19 error node v4.4.1
20 error npm  v3.8.3
21 error code ELIFECYCLE
22 error sge@1.0.0 test: `find ./src -name '*spec.js' | xargs mocha -R spec --compilers js:babel-core/register`
22 error Exit status 123
23 error Failed at the sge@1.0.0 test script 'find ./src -name '*spec.js' | xargs mocha -R spec --compilers js:babel-core/register'.
23 error Make sure you have the latest version of node.js and npm installed.
23 error If you do, this is most likely a problem with the sge package,
23 error not with npm itself.
23 error Tell the author that this fails on your system:
23 error     find ./src -name '*spec.js' | xargs mocha -R spec --compilers js:babel-core/register
23 error You can get information on how to open an issue for this project with:
23 error     npm bugs sge
23 error Or if that isn't available, you can get their info via:
23 error     npm owner ls sge
23 error There is likely additional logging output above.
24 verbose exit [ 1, true ]
